<?xml version="1.0" encoding="UTF-8"?>
<!-- Generated by org.testng.reporters.JUnitReportReporter -->
<testsuite skipped="0" hostname="PATIDAR" name="com.visionit.orangehrm.testCases.AddUserTC_002" tests="2" failures="0" timestamp="05 Dec 2020 07:09:48 GMT" time="47.346" errors="0">
  <testcase name="addNewUserTest" time="21.528" classname="com.visionit.orangehrm.testCases.AddUserTC_002"/>
  <testcase name="addNewUserTest" time="25.818" classname="com.visionit.orangehrm.testCases.AddUserTC_002"/>
</testsuite> <!-- com.visionit.orangehrm.testCases.AddUserTC_002 -->
